[2025-09-24 12:34:25] [ERROR] STATUS: 404 | METHOD: GET | URL: /users/68c1b193eb7c38c1c3a746a1 | IP: ::1 | ERROR: User not found
[2025-09-24 12:34:25] [ERROR] STATUS: 404 | METHOD: GET | URL: /users/68c1b193eb7c38c1c3a746a1 | RESPONSE_TIME: 8.3ms | USER: 68c1b193eb7c38c1c3a746a1[AB] | MESSAGE: Not Found
[2025-09-24 12:34:51] [ERROR] STATUS: 401 | METHOD: POST | URL: /users/login | IP: ::1 | ERROR: Invalid email or password
[2025-09-24 12:34:51] [ERROR] STATUS: 401 | METHOD: POST | URL: /users/login | RESPONSE_TIME: 25.1ms | USER: guest | MESSAGE: Unauthorized
[2025-09-24 12:51:28] [ERROR] STATUS: 500 | METHOD: GET | URL: /cards | IP: ::1 | ERROR: CORS: Origin not allowed
[2025-09-24 13:43:00] [ERROR] STATUS: 500 | METHOD: OPTIONS | URL: /users/688cdec2655ff17d394caedb | IP: ::1 | ERROR: CORS: Origin not allowed
[2025-09-24 13:43:00] [ERROR] STATUS: 500 | METHOD: GET | URL: /cards | IP: ::1 | ERROR: CORS: Origin not allowed
[2025-09-24 13:43:10] [ERROR] STATUS: 500 | METHOD: GET | URL: /cards | IP: ::1 | ERROR: CORS: Origin not allowed
[2025-09-24 13:43:10] [ERROR] STATUS: 500 | METHOD: OPTIONS | URL: /users/688cdec2655ff17d394caedb | IP: ::1 | ERROR: CORS: Origin not allowed
[2025-09-24 13:43:53] [ERROR] STATUS: 500 | METHOD: GET | URL: /cards | IP: ::1 | ERROR: CORS: Origin not allowed
[2025-09-24 13:43:53] [ERROR] STATUS: 500 | METHOD: OPTIONS | URL: /users/688cdec2655ff17d394caedb | IP: ::1 | ERROR: CORS: Origin not allowed
[2025-09-24 16:18:42] [ERROR] STATUS: 404 | METHOD: GET | URL: /users/68c1b193eb7c38c1c3a746a1 | IP: ::1 | ERROR: User not found
[2025-09-24 16:18:42] [ERROR] STATUS: 404 | METHOD: GET | URL: /users/68c1b193eb7c38c1c3a746a1 | RESPONSE_TIME: 11.1ms | USER: 68c1b193eb7c38c1c3a746a1[AB] | MESSAGE: Not Found
[2025-09-24 16:33:54] [ERROR] STATUS: 404 | METHOD: GET | URL: /users/68c1b193eb7c38c1c3a746a1 | IP: ::1 | ERROR: User not found
[2025-09-24 16:33:54] [ERROR] STATUS: 404 | METHOD: GET | URL: /users/68c1b193eb7c38c1c3a746a1 | RESPONSE_TIME: 6.6ms | USER: 68c1b193eb7c38c1c3a746a1[AB] | MESSAGE: Not Found
[2025-09-24 16:49:20] [ERROR] STATUS: 404 | METHOD: GET | URL: /users/68d3bbbcebd59c37d0521f8e | IP: ::1 | ERROR: User not found
[2025-09-24 16:49:20] [ERROR] STATUS: 404 | METHOD: GET | URL: /users/68d3bbbcebd59c37d0521f8e | RESPONSE_TIME: 124.2ms | USER: 68d3bbbcebd59c37d0521f8e[AB] | MESSAGE: Not Found
[2025-09-24 16:50:21] [ERROR] STATUS: 404 | METHOD: GET | URL: /users/68d3bbbcebd59c37d0521f8e | IP: ::1 | ERROR: User not found
[2025-09-24 16:50:21] [ERROR] STATUS: 404 | METHOD: GET | URL: /users/68d3bbbcebd59c37d0521f8e | RESPONSE_TIME: 119.5ms | USER: 68d3bbbcebd59c37d0521f8e[AB] | MESSAGE: Not Found
[2025-09-24 16:52:27] [ERROR] STATUS: 404 | METHOD: GET | URL: /users/68d3bbbcebd59c37d0521f8e | IP: ::1 | ERROR: User not found
[2025-09-24 16:52:27] [ERROR] STATUS: 404 | METHOD: GET | URL: /users/68d3bbbcebd59c37d0521f8e | RESPONSE_TIME: 119.5ms | USER: 68d3bbbcebd59c37d0521f8e[AB] | MESSAGE: Not Found
[2025-09-24 16:52:49] [ERROR] STATUS: 404 | METHOD: GET | URL: /users/68d3bbbcebd59c37d0521f8e | IP: ::1 | ERROR: User not found
[2025-09-24 16:52:49] [ERROR] STATUS: 404 | METHOD: GET | URL: /users/68d3bbbcebd59c37d0521f8e | RESPONSE_TIME: 118.9ms | USER: 68d3bbbcebd59c37d0521f8e[AB] | MESSAGE: Not Found
[2025-09-24 16:53:54] [ERROR] STATUS: 404 | METHOD: GET | URL: /users/68d3bbbcebd59c37d0521f8e | IP: ::1 | ERROR: User not found
[2025-09-24 16:53:54] [ERROR] STATUS: 404 | METHOD: GET | URL: /users/68d3bbbcebd59c37d0521f8e | RESPONSE_TIME: 119.9ms | USER: 68d3bbbcebd59c37d0521f8e[AB] | MESSAGE: Not Found
[2025-09-24 16:54:34] [ERROR] STATUS: 404 | METHOD: GET | URL: /users/68d3bbbcebd59c37d0521f8e | IP: ::1 | ERROR: User not found
[2025-09-24 16:54:34] [ERROR] STATUS: 404 | METHOD: GET | URL: /users/68d3bbbcebd59c37d0521f8e | RESPONSE_TIME: 119.0ms | USER: 68d3bbbcebd59c37d0521f8e[AB] | MESSAGE: Not Found
